[  6%] [34m[1mGenerating include/v1.0/csAirLink/csAirLink.h[0m
[ 10%] [34m[1mGenerating include/v1.0/icarous/icarous.h[0m
[ 20%] [34m[1mGenerating ualberta-v2.0-cxx-stamp[0m
[ 20%] [34m[1mGenerating include/v1.0/uAvionix/uAvionix.h[0m
[ 20%] [34m[1mGenerating include/v1.0/storm32/storm32.h[0m
[  6%] [34m[1mGenerating cubepilot-v2.0-cxx-stamp[0m
[ 23%] [34m[1mGenerating include/v1.0/ualberta/ualberta.h[0m
WARNING: Failed to import lxml module etree. Are lxml, libxml2 and libxslt installed? XML validation will not be performed
WARNING: Failed to import lxml module etree. Are lxml, libxml2 and libxslt installed? XML validation will not be performed
WARNING: Failed to import lxml module etree. Are lxml, libxml2 and libxslt installed? XML validation will not be performed
WARNING: Failed to import lxml module etree. Are lxml, libxml2 and libxslt installed? XML validation will not be performed
WARNING: Failed to import lxml module etree. Are lxml, libxml2 and libxslt installed? XML validation will not be performed
WARNING: Failed to import lxml module etree. Are lxml, libxml2 and libxslt installed? XML validation will not be performed
Validation skipped for /home/omki/catkin_ws1/src/mavlink/message_definitions/v1.0/storm32.xml.
Validation skipped for /home/omki/catkin_ws1/src/mavlink/message_definitions/v1.0/ualberta.xml.
Validation skipped for /home/omki/catkin_ws1/src/mavlink/message_definitions/v1.0/icarous.xml.
Parsing /home/omki/catkin_ws1/src/mavlink/message_definitions/v1.0/storm32.xml
Parsing /home/omki/catkin_ws1/src/mavlink/message_definitions/v1.0/ualberta.xml
Parsing /home/omki/catkin_ws1/src/mavlink/message_definitions/v1.0/icarous.xml
Validation skipped for /home/omki/catkin_ws1/src/mavlink/message_definitions/v1.0/uAvionix.xml.
Validation skipped for /home/omki/catkin_ws1/src/mavlink/message_definitions/v1.0/ualberta.xml.
Parsing /home/omki/catkin_ws1/src/mavlink/message_definitions/v1.0/uAvionix.xml
Parsing /home/omki/catkin_ws1/src/mavlink/message_definitions/v1.0/ualberta.xml
Validation skipped for /home/omki/catkin_ws1/src/mavlink/message_definitions/v1.0/csAirLink.xml.
Parsing /home/omki/catkin_ws1/src/mavlink/message_definitions/v1.0/csAirLink.xml
WARNING: Failed to import lxml module etree. Are lxml, libxml2 and libxslt installed? XML validation will not be performed
Validation skipped for /home/omki/catkin_ws1/src/mavlink/message_definitions/v1.0/cubepilot.xml.
Parsing /home/omki/catkin_ws1/src/mavlink/message_definitions/v1.0/cubepilot.xml
Found 0 MAVLink message types in 1 XML files
Found 0 MAVLink message types in 1 XML files
Validation skipped for /home/omki/catkin_ws1/src/mavlink/message_definitions/v1.0/common.xml.
Validation skipped for /home/omki/catkin_ws1/src/mavlink/message_definitions/v1.0/common.xml.
Parsing /home/omki/catkin_ws1/src/mavlink/message_definitions/v1.0/common.xml
Parsing /home/omki/catkin_ws1/src/mavlink/message_definitions/v1.0/common.xml
Validation skipped for /home/omki/catkin_ws1/src/mavlink/message_definitions/v1.0/common.xml.
Parsing /home/omki/catkin_ws1/src/mavlink/message_definitions/v1.0/common.xml
Generating C implementation in directory include/v1.0/csAirLink
Generating C implementation in directory include/v1.0/icarous
Validation skipped for /home/omki/catkin_ws1/src/mavlink/message_definitions/v1.0/common.xml.
Parsing /home/omki/catkin_ws1/src/mavlink/message_definitions/v1.0/common.xml
Validation skipped for /home/omki/catkin_ws1/src/mavlink/message_definitions/v1.0/ardupilotmega.xml.
Parsing /home/omki/catkin_ws1/src/mavlink/message_definitions/v1.0/ardupilotmega.xml
Copying fixed headers for protocol 1.0 to include/v1.0
Copying fixed headers for protocol 1.0 to include/v1.0
Validation skipped for /home/omki/catkin_ws1/src/mavlink/message_definitions/v1.0/common.xml.
Parsing /home/omki/catkin_ws1/src/mavlink/message_definitions/v1.0/common.xml
[ 23%] Built target icarous.xml-v1.0
[ 23%] Built target csAirLink.xml-v1.0
[ 26%] [34m[1mGenerating paparazzi-v2.0-cxx-stamp[0m
Validation skipped for /home/omki/catkin_ws1/src/mavlink/message_definitions/v1.0/standard.xml.
Parsing /home/omki/catkin_ws1/src/mavlink/message_definitions/v1.0/standard.xml
Validation skipped for /home/omki/catkin_ws1/src/mavlink/message_definitions/v1.0/minimal.xml.
Parsing /home/omki/catkin_ws1/src/mavlink/message_definitions/v1.0/minimal.xml
Found 146 MAVLink message types in 4 XML files
Generating C implementation in directory include/v1.0/ualberta
Validation skipped for /home/omki/catkin_ws1/src/mavlink/message_definitions/v1.0/standard.xml.
Parsing /home/omki/catkin_ws1/src/mavlink/message_definitions/v1.0/standard.xml
Validation skipped for /home/omki/catkin_ws1/src/mavlink/message_definitions/v1.0/minimal.xml.
Parsing /home/omki/catkin_ws1/src/mavlink/message_definitions/v1.0/minimal.xml
Validation skipped for /home/omki/catkin_ws1/src/mavlink/message_definitions/v1.0/uAvionix.xml.
Parsing /home/omki/catkin_ws1/src/mavlink/message_definitions/v1.0/uAvionix.xml
Generating C implementation in directory include/v1.0/common
Validation skipped for /home/omki/catkin_ws1/src/mavlink/message_definitions/v1.0/icarous.xml.
Parsing /home/omki/catkin_ws1/src/mavlink/message_definitions/v1.0/icarous.xml
Validation skipped for /home/omki/catkin_ws1/src/mavlink/message_definitions/v1.0/cubepilot.xml.
Parsing /home/omki/catkin_ws1/src/mavlink/message_definitions/v1.0/cubepilot.xml
Validation skipped for /home/omki/catkin_ws1/src/mavlink/message_definitions/v1.0/csAirLink.xml.
Parsing /home/omki/catkin_ws1/src/mavlink/message_definitions/v1.0/csAirLink.xml
Validation skipped for /home/omki/catkin_ws1/src/mavlink/message_definitions/v1.0/standard.xml.
Parsing /home/omki/catkin_ws1/src/mavlink/message_definitions/v1.0/standard.xml
Validation skipped for /home/omki/catkin_ws1/src/mavlink/message_definitions/v1.0/minimal.xml.
Parsing /home/omki/catkin_ws1/src/mavlink/message_definitions/v1.0/minimal.xml
Found 143 MAVLink message types in 4 XML files
Generating C implementation in directory include/v1.0/uAvionix
Generating C implementation in directory include/v1.0/common
Validation skipped for /home/omki/catkin_ws1/src/mavlink/message_definitions/v1.0/standard.xml.
Parsing /home/omki/catkin_ws1/src/mavlink/message_definitions/v1.0/standard.xml
Validation skipped for /home/omki/catkin_ws1/src/mavlink/message_definitions/v1.0/minimal.xml.
Parsing /home/omki/catkin_ws1/src/mavlink/message_definitions/v1.0/minimal.xml
Merged enum MAV_CMD
Merged enum MAV_CMD
Validation skipped for /home/omki/catkin_ws1/src/mavlink/message_definitions/v1.0/standard.xml.
Parsing /home/omki/catkin_ws1/src/mavlink/message_definitions/v1.0/standard.xml
Validation skipped for /home/omki/catkin_ws1/src/mavlink/message_definitions/v1.0/minimal.xml.
Parsing /home/omki/catkin_ws1/src/mavlink/message_definitions/v1.0/minimal.xml
Found 191 MAVLink message types in 9 XML files
Generating C implementation in directory include/v1.0/storm32
Found 228 MAVLink message types in 4 XML files
Generating C headers
Generating C implementation in directory include/v2.0/ualberta
Found 230 MAVLink message types in 4 XML files
WARNING: Failed to import lxml module etree. Are lxml, libxml2 and libxslt installed? XML validation will not be performed
Validation skipped for /home/omki/catkin_ws1/src/mavlink/message_definitions/v1.0/paparazzi.xml.
Parsing /home/omki/catkin_ws1/src/mavlink/message_definitions/v1.0/paparazzi.xml
Generating C headers
Generating C implementation in directory include/v1.0/ardupilotmega
Validation skipped for /home/omki/catkin_ws1/src/mavlink/message_definitions/v1.0/common.xml.
Parsing /home/omki/catkin_ws1/src/mavlink/message_definitions/v1.0/common.xml
Generating C implementation in directory include/v2.0/cubepilot
Generating C implementation in directory include/v2.0/common
Generating C implementation in directory include/v2.0/common
Validation skipped for /home/omki/catkin_ws1/src/mavlink/message_definitions/v1.0/standard.xml.
Parsing /home/omki/catkin_ws1/src/mavlink/message_definitions/v1.0/standard.xml
Validation skipped for /home/omki/catkin_ws1/src/mavlink/message_definitions/v1.0/minimal.xml.
Parsing /home/omki/catkin_ws1/src/mavlink/message_definitions/v1.0/minimal.xml
Found 230 MAVLink message types in 4 XML files
Generating C headers
Generating C implementation in directory include/v2.0/paparazzi
Generating C implementation in directory include/v1.0/common
Generating C implementation in directory include/v2.0/common
Generating C implementation in directory include/v1.0/standard
Generating C implementation in directory include/v1.0/minimal
Copying fixed headers for protocol 1.0 to include/v1.0
[ 26%] Built target ualberta.xml-v1.0
[ 30%] [34m[1mGenerating include/v1.0/paparazzi/paparazzi.h[0m
Generating C implementation in directory include/v1.0/standard
Generating C implementation in directory include/v1.0/minimal
Copying fixed headers for protocol 1.0 to include/v1.0
[ 30%] Built target uAvionix.xml-v1.0
WARNING: Failed to import lxml module etree. Are lxml, libxml2 and libxslt installed? XML validation will not be performed
Validation skipped for /home/omki/catkin_ws1/src/mavlink/message_definitions/v1.0/paparazzi.xml.
Parsing /home/omki/catkin_ws1/src/mavlink/message_definitions/v1.0/paparazzi.xml
Validation skipped for /home/omki/catkin_ws1/src/mavlink/message_definitions/v1.0/common.xml.
Parsing /home/omki/catkin_ws1/src/mavlink/message_definitions/v1.0/common.xml
[ 33%] Built target standard.xml-v1.0
[ 36%] [34m[1mGenerating include/v1.0/cubepilot/cubepilot.h[0m
Generating C implementation in directory include/v1.0/uAvionix
Generating C implementation in directory include/v1.0/icarous
Generating C implementation in directory include/v1.0/cubepilot
Generating C implementation in directory include/v1.0/csAirLink
Generating C implementation in directory include/v1.0/standard
Generating C implementation in directory include/v1.0/minimal
Copying fixed headers for protocol 1.0 to include/v1.0
Validation skipped for /home/omki/catkin_ws1/src/mavlink/message_definitions/v1.0/standard.xml.
Parsing /home/omki/catkin_ws1/src/mavlink/message_definitions/v1.0/standard.xml
Validation skipped for /home/omki/catkin_ws1/src/mavlink/message_definitions/v1.0/minimal.xml.
Parsing /home/omki/catkin_ws1/src/mavlink/message_definitions/v1.0/minimal.xml
Found 148 MAVLink message types in 4 XML files
Generating C implementation in directory include/v1.0/paparazzi
WARNING: Failed to import lxml module etree. Are lxml, libxml2 and libxslt installed? XML validation will not be performed
Validation skipped for /home/omki/catkin_ws1/src/mavlink/message_definitions/v1.0/cubepilot.xml.
Parsing /home/omki/catkin_ws1/src/mavlink/message_definitions/v1.0/cubepilot.xml
Validation skipped for /home/omki/catkin_ws1/src/mavlink/message_definitions/v1.0/common.xml.
Parsing /home/omki/catkin_ws1/src/mavlink/message_definitions/v1.0/common.xml
[ 36%] Built target storm32.xml-v1.0
Generating C implementation in directory include/v1.0/common
[ 40%] [34m[1mGenerating uAvionix-v2.0-cxx-stamp[0m
Validation skipped for /home/omki/catkin_ws1/src/mavlink/message_definitions/v1.0/standard.xml.
Parsing /home/omki/catkin_ws1/src/mavlink/message_definitions/v1.0/standard.xml
Validation skipped for /home/omki/catkin_ws1/src/mavlink/message_definitions/v1.0/minimal.xml.
Parsing /home/omki/catkin_ws1/src/mavlink/message_definitions/v1.0/minimal.xml
Found 143 MAVLink message types in 4 XML files
Generating C implementation in directory include/v1.0/cubepilot
Generating C implementation in directory include/v1.0/common
WARNING: Failed to import lxml module etree. Are lxml, libxml2 and libxslt installed? XML validation will not be performed
Validation skipped for /home/omki/catkin_ws1/src/mavlink/message_definitions/v1.0/uAvionix.xml.
Parsing /home/omki/catkin_ws1/src/mavlink/message_definitions/v1.0/uAvionix.xml
Validation skipped for /home/omki/catkin_ws1/src/mavlink/message_definitions/v1.0/common.xml.
Parsing /home/omki/catkin_ws1/src/mavlink/message_definitions/v1.0/common.xml
Generating C implementation in directory include/v2.0/standard
Generating C implementation in directory include/v2.0/minimal
Copying fixed headers for protocol 2.0 to include/v2.0
Generating C++ implementation in directory include/v2.0/ualberta
Generating C++ implementation in directory include/v2.0/common
Generating C implementation in directory include/v2.0/standard
Generating C implementation in directory include/v2.0/minimal
Copying fixed headers for protocol 2.0 to include/v2.0
Generating C++ implementation in directory include/v2.0/cubepilot
Generating C++ implementation in directory include/v2.0/common
Generating C implementation in directory include/v2.0/standard
Generating C implementation in directory include/v2.0/minimal
Copying fixed headers for protocol 2.0 to include/v2.0
Generating C++ implementation in directory include/v2.0/paparazzi
Generating C++ implementation in directory include/v2.0/common
Validation skipped for /home/omki/catkin_ws1/src/mavlink/message_definitions/v1.0/standard.xml.
Parsing /home/omki/catkin_ws1/src/mavlink/message_definitions/v1.0/standard.xml
Validation skipped for /home/omki/catkin_ws1/src/mavlink/message_definitions/v1.0/minimal.xml.
Parsing /home/omki/catkin_ws1/src/mavlink/message_definitions/v1.0/minimal.xml
Found 228 MAVLink message types in 4 XML files
Generating C headers
Generating C implementation in directory include/v2.0/uAvionix
Generating C implementation in directory include/v2.0/common
Generating C++ implementation in directory include/v2.0/standard
Generating C++ implementation in directory include/v2.0/minimal
Copying fixed C++ headers for protocol 2.0 to include/v2.0
Generating C++ implementation in directory include/v2.0/standard
Generating C++ implementation in directory include/v2.0/minimal
Generating C++ implementation in directory include/v2.0/standard
Generating C++ implementation in directory include/v2.0/minimal
Copying fixed C++ headers for protocol 2.0 to include/v2.0
Copying fixed C++ headers for protocol 2.0 to include/v2.0
[ 40%] Built target ualberta.xml-v2.0
[ 40%] Built target cubepilot.xml-v2.0
[ 40%] Built target paparazzi.xml-v2.0
[ 43%] [34m[1mGenerating include/v1.0/all/all.h[0m
[ 46%] [34m[1mGenerating all-v2.0-cxx-stamp[0m
Generating C implementation in directory include/v1.0/standard
Generating C implementation in directory include/v1.0/minimal
[ 50%] Built target ardupilotmega.xml-v1.0
Copying fixed headers for protocol 1.0 to include/v1.0
[ 53%] [34m[1mGenerating storm32-v2.0-cxx-stamp[0m
[ 53%] Built target paparazzi.xml-v1.0
[ 56%] [34m[1mGenerating icarous-v2.0-cxx-stamp[0m
Generating C implementation in directory include/v1.0/standard
WARNING: Failed to import lxml module etree. Are lxml, libxml2 and libxslt installed? XML validation will not be performed
Validation skipped for /home/omki/catkin_ws1/src/mavlink/message_definitions/v1.0/all.xml.
Parsing /home/omki/catkin_ws1/src/mavlink/message_definitions/v1.0/all.xml
Validation skipped for /home/omki/catkin_ws1/src/mavlink/message_definitions/v1.0/ardupilotmega.xml.
Parsing /home/omki/catkin_ws1/src/mavlink/message_definitions/v1.0/ardupilotmega.xml
Generating C implementation in directory include/v1.0/minimal
Copying fixed headers for protocol 1.0 to include/v1.0
WARNING: Failed to import lxml module etree. Are lxml, libxml2 and libxslt installed? XML validation will not be performed
Validation skipped for /home/omki/catkin_ws1/src/mavlink/message_definitions/v1.0/all.xml.
Parsing /home/omki/catkin_ws1/src/mavlink/message_definitions/v1.0/all.xml
[ 60%] [34m[1mGenerating include/v1.0/development/development.h[0m
Validation skipped for /home/omki/catkin_ws1/src/mavlink/message_definitions/v1.0/ardupilotmega.xml.
Parsing /home/omki/catkin_ws1/src/mavlink/message_definitions/v1.0/ardupilotmega.xml
Validation skipped for /home/omki/catkin_ws1/src/mavlink/message_definitions/v1.0/ASLUAV.xml.
Parsing /home/omki/catkin_ws1/src/mavlink/message_definitions/v1.0/ASLUAV.xml
Validation skipped for /home/omki/catkin_ws1/src/mavlink/message_definitions/v1.0/common.xml.
Parsing /home/omki/catkin_ws1/src/mavlink/message_definitions/v1.0/common.xml
[ 60%] Built target cubepilot.xml-v1.0
Validation skipped for /home/omki/catkin_ws1/src/mavlink/message_definitions/v1.0/ASLUAV.xml.
Parsing /home/omki/catkin_ws1/src/mavlink/message_definitions/v1.0/ASLUAV.xml
Validation skipped for /home/omki/catkin_ws1/src/mavlink/message_definitions/v1.0/common.xml.
Parsing /home/omki/catkin_ws1/src/mavlink/message_definitions/v1.0/common.xml
[ 63%] [34m[1mGenerating include/v1.0/ASLUAV/ASLUAV.h[0m
WARNING: Failed to import lxml module etree. Are lxml, libxml2 and libxslt installed? XML validation will not be performed
Validation skipped for /home/omki/catkin_ws1/src/mavlink/message_definitions/v1.0/storm32.xml.
Parsing /home/omki/catkin_ws1/src/mavlink/message_definitions/v1.0/storm32.xml
Validation skipped for /home/omki/catkin_ws1/src/mavlink/message_definitions/v1.0/ardupilotmega.xml.
Parsing /home/omki/catkin_ws1/src/mavlink/message_definitions/v1.0/ardupilotmega.xml
WARNING: Failed to import lxml module etree. Are lxml, libxml2 and libxslt installed? XML validation will not be performed
Validation skipped for /home/omki/catkin_ws1/src/mavlink/message_definitions/v1.0/icarous.xml.
Parsing /home/omki/catkin_ws1/src/mavlink/message_definitions/v1.0/icarous.xml
WARNING: Failed to import lxml module etree. Are lxml, libxml2 and libxslt installed? XML validation will not be performed
Validation skipped for /home/omki/catkin_ws1/src/mavlink/message_definitions/v1.0/development.xml.
Parsing /home/omki/catkin_ws1/src/mavlink/message_definitions/v1.0/development.xml
Found 2 MAVLink message types in 1 XML files
Generating C headers
Generating C implementation in directory include/v2.0/icarous
Validation skipped for /home/omki/catkin_ws1/src/mavlink/message_definitions/v1.0/common.xml.
Parsing /home/omki/catkin_ws1/src/mavlink/message_definitions/v1.0/common.xml
Copying fixed headers for protocol 2.0 to include/v2.0
Generating C++ implementation in directory include/v2.0/icarous
Validation skipped for /home/omki/catkin_ws1/src/mavlink/message_definitions/v1.0/common.xml.
Parsing /home/omki/catkin_ws1/src/mavlink/message_definitions/v1.0/common.xml
Copying fixed C++ headers for protocol 2.0 to include/v2.0
[ 63%] Built target icarous.xml-v2.0
Validation skipped for /home/omki/catkin_ws1/src/mavlink/message_definitions/v1.0/development.xml.
Parsing /home/omki/catkin_ws1/src/mavlink/message_definitions/v1.0/development.xml
WARNING: Failed to import lxml module etree. Are lxml, libxml2 and libxslt installed? XML validation will not be performed
Validation skipped for /home/omki/catkin_ws1/src/mavlink/message_definitions/v1.0/ASLUAV.xml.
Parsing /home/omki/catkin_ws1/src/mavlink/message_definitions/v1.0/ASLUAV.xml
Validation skipped for /home/omki/catkin_ws1/src/mavlink/message_definitions/v1.0/icarous.xml.
Parsing /home/omki/catkin_ws1/src/mavlink/message_definitions/v1.0/icarous.xml
Validation skipped for /home/omki/catkin_ws1/src/mavlink/message_definitions/v1.0/minimal.xml.
Parsing /home/omki/catkin_ws1/src/mavlink/message_definitions/v1.0/minimal.xml
Validation skipped for /home/omki/catkin_ws1/src/mavlink/message_definitions/v1.0/common.xml.
Parsing /home/omki/catkin_ws1/src/mavlink/message_definitions/v1.0/common.xml
Validation skipped for /home/omki/catkin_ws1/src/mavlink/message_definitions/v1.0/python_array_test.xml.
Parsing /home/omki/catkin_ws1/src/mavlink/message_definitions/v1.0/python_array_test.xml
Validation skipped for /home/omki/catkin_ws1/src/mavlink/message_definitions/v1.0/standard.xml.
Parsing /home/omki/catkin_ws1/src/mavlink/message_definitions/v1.0/standard.xml
Validation skipped for /home/omki/catkin_ws1/src/mavlink/message_definitions/v1.0/test.xml.
Parsing /home/omki/catkin_ws1/src/mavlink/message_definitions/v1.0/test.xml
Validation skipped for /home/omki/catkin_ws1/src/mavlink/message_definitions/v1.0/ualberta.xml.
Parsing /home/omki/catkin_ws1/src/mavlink/message_definitions/v1.0/ualberta.xml
Validation skipped for /home/omki/catkin_ws1/src/mavlink/message_definitions/v1.0/uAvionix.xml.
Parsing /home/omki/catkin_ws1/src/mavlink/message_definitions/v1.0/uAvionix.xml
Validation skipped for /home/omki/catkin_ws1/src/mavlink/message_definitions/v1.0/storm32.xml.
Parsing /home/omki/catkin_ws1/src/mavlink/message_definitions/v1.0/storm32.xml
Validation skipped for /home/omki/catkin_ws1/src/mavlink/message_definitions/v1.0/AVSSUAS.xml.
Parsing /home/omki/catkin_ws1/src/mavlink/message_definitions/v1.0/AVSSUAS.xml
Validation skipped for /home/omki/catkin_ws1/src/mavlink/message_definitions/v1.0/cubepilot.xml.
Parsing /home/omki/catkin_ws1/src/mavlink/message_definitions/v1.0/cubepilot.xml
Validation skipped for /home/omki/catkin_ws1/src/mavlink/message_definitions/v1.0/csAirLink.xml.
Parsing /home/omki/catkin_ws1/src/mavlink/message_definitions/v1.0/csAirLink.xml
Merged enum MAV_CMD
Merged enum MAV_CMD
Merged enum MAV_CMD
Merged enum MAV_CMD
Merged enum MAV_CMD
[ 66%] [34m[1mGenerating AVSSUAS-v2.0-cxx-stamp[0m
Found 197 MAVLink message types in 16 XML files
Generating C implementation in directory include/v1.0/all
Generating C implementation in directory include/v1.0/ardupilotmega
Validation skipped for /home/omki/catkin_ws1/src/mavlink/message_definitions/v1.0/development.xml.
Parsing /home/omki/catkin_ws1/src/mavlink/message_definitions/v1.0/development.xml
Validation skipped for /home/omki/catkin_ws1/src/mavlink/message_definitions/v1.0/icarous.xml.
Parsing /home/omki/catkin_ws1/src/mavlink/message_definitions/v1.0/icarous.xml
Validation skipped for /home/omki/catkin_ws1/src/mavlink/message_definitions/v1.0/minimal.xml.
Parsing /home/omki/catkin_ws1/src/mavlink/message_definitions/v1.0/minimal.xml
Validation skipped for /home/omki/catkin_ws1/src/mavlink/message_definitions/v1.0/python_array_test.xml.
Parsing /home/omki/catkin_ws1/src/mavlink/message_definitions/v1.0/python_array_test.xml
Validation skipped for /home/omki/catkin_ws1/src/mavlink/message_definitions/v1.0/standard.xml.
Parsing /home/omki/catkin_ws1/src/mavlink/message_definitions/v1.0/standard.xml
Validation skipped for /home/omki/catkin_ws1/src/mavlink/message_definitions/v1.0/test.xml.
Parsing /home/omki/catkin_ws1/src/mavlink/message_definitions/v1.0/test.xml
Validation skipped for /home/omki/catkin_ws1/src/mavlink/message_definitions/v1.0/ualberta.xml.
Parsing /home/omki/catkin_ws1/src/mavlink/message_definitions/v1.0/ualberta.xml
Validation skipped for /home/omki/catkin_ws1/src/mavlink/message_definitions/v1.0/uAvionix.xml.
Parsing /home/omki/catkin_ws1/src/mavlink/message_definitions/v1.0/uAvionix.xml
Validation skipped for /home/omki/catkin_ws1/src/mavlink/message_definitions/v1.0/storm32.xml.
Parsing /home/omki/catkin_ws1/src/mavlink/message_definitions/v1.0/storm32.xml
Validation skipped for /home/omki/catkin_ws1/src/mavlink/message_definitions/v1.0/AVSSUAS.xml.
Parsing /home/omki/catkin_ws1/src/mavlink/message_definitions/v1.0/AVSSUAS.xml
Validation skipped for /home/omki/catkin_ws1/src/mavlink/message_definitions/v1.0/standard.xml.
Parsing /home/omki/catkin_ws1/src/mavlink/message_definitions/v1.0/standard.xml
Validation skipped for /home/omki/catkin_ws1/src/mavlink/message_definitions/v1.0/minimal.xml.
Parsing /home/omki/catkin_ws1/src/mavlink/message_definitions/v1.0/minimal.xml
Validation skipped for /home/omki/catkin_ws1/src/mavlink/message_definitions/v1.0/cubepilot.xml.
Parsing /home/omki/catkin_ws1/src/mavlink/message_definitions/v1.0/cubepilot.xml
Validation skipped for /home/omki/catkin_ws1/src/mavlink/message_definitions/v1.0/csAirLink.xml.
Parsing /home/omki/catkin_ws1/src/mavlink/message_definitions/v1.0/csAirLink.xml
Merged enum MAV_CMD
Merged enum MAV_CMD
Merged enum MAV_CMD
Merged enum MAV_CMD
Merged enum MAV_CMD
Merged enum MAV_CMD
Found 144 MAVLink message types in 4 XML files
Generating C implementation in directory include/v1.0/development
Found 364 MAVLink message types in 16 XML files
Generating C headers
Generating C implementation in directory include/v2.0/all
Generating C implementation in directory include/v2.0/ardupilotmega
Validation skipped for /home/omki/catkin_ws1/src/mavlink/message_definitions/v1.0/uAvionix.xml.
Parsing /home/omki/catkin_ws1/src/mavlink/message_definitions/v1.0/uAvionix.xml
Validation skipped for /home/omki/catkin_ws1/src/mavlink/message_definitions/v1.0/icarous.xml.
Parsing /home/omki/catkin_ws1/src/mavlink/message_definitions/v1.0/icarous.xml
Validation skipped for /home/omki/catkin_ws1/src/mavlink/message_definitions/v1.0/cubepilot.xml.
Parsing /home/omki/catkin_ws1/src/mavlink/message_definitions/v1.0/cubepilot.xml
Validation skipped for /home/omki/catkin_ws1/src/mavlink/message_definitions/v1.0/csAirLink.xml.
Parsing /home/omki/catkin_ws1/src/mavlink/message_definitions/v1.0/csAirLink.xml
Validation skipped for /home/omki/catkin_ws1/src/mavlink/message_definitions/v1.0/standard.xml.
Parsing /home/omki/catkin_ws1/src/mavlink/message_definitions/v1.0/standard.xml
Validation skipped for /home/omki/catkin_ws1/src/mavlink/message_definitions/v1.0/minimal.xml.
Parsing /home/omki/catkin_ws1/src/mavlink/message_definitions/v1.0/minimal.xml
Generating C implementation in directory include/v1.0/common
WARNING: Failed to import lxml module etree. Are lxml, libxml2 and libxslt installed? XML validation will not be performed
Validation skipped for /home/omki/catkin_ws1/src/mavlink/message_definitions/v1.0/AVSSUAS.xml.
Parsing /home/omki/catkin_ws1/src/mavlink/message_definitions/v1.0/AVSSUAS.xml
Merged enum MAV_CMD
Validation skipped for /home/omki/catkin_ws1/src/mavlink/message_definitions/v1.0/common.xml.
Parsing /home/omki/catkin_ws1/src/mavlink/message_definitions/v1.0/common.xml
Merged enum MAV_CMD
Validation skipped for /home/omki/catkin_ws1/src/mavlink/message_definitions/v1.0/standard.xml.
Parsing /home/omki/catkin_ws1/src/mavlink/message_definitions/v1.0/standard.xml
Validation skipped for /home/omki/catkin_ws1/src/mavlink/message_definitions/v1.0/minimal.xml.
Parsing /home/omki/catkin_ws1/src/mavlink/message_definitions/v1.0/minimal.xml
Found 314 MAVLink message types in 9 XML files
Merged enum MAV_CMD
Generating C headers
Generating C implementation in directory include/v2.0/storm32
Found 145 MAVLink message types in 4 XML files
Generating C implementation in directory include/v1.0/ASLUAV
Generating C implementation in directory include/v1.0/common
Generating C implementation in directory include/v2.0/ardupilotmega
Generating C implementation in directory include/v1.0/ASLUAV
Generating C implementation in directory include/v1.0/common
Validation skipped for /home/omki/catkin_ws1/src/mavlink/message_definitions/v1.0/standard.xml.
Parsing /home/omki/catkin_ws1/src/mavlink/message_definitions/v1.0/standard.xml
Validation skipped for /home/omki/catkin_ws1/src/mavlink/message_definitions/v1.0/minimal.xml.
Parsing /home/omki/catkin_ws1/src/mavlink/message_definitions/v1.0/minimal.xml
Merged enum MAV_CMD
Found 229 MAVLink message types in 4 XML files
Generating C headers
Generating C implementation in directory include/v2.0/AVSSUAS
Generating C implementation in directory include/v2.0/common
Generating C implementation in directory include/v2.0/ASLUAV
Generating C implementation in directory include/v2.0/common
Generating C implementation in directory include/v2.0/common
Generating C implementation in directory include/v2.0/standard
Generating C implementation in directory include/v2.0/minimal
Copying fixed headers for protocol 2.0 to include/v2.0
Generating C++ implementation in directory include/v2.0/uAvionix
Generating C++ implementation in directory include/v2.0/common
Generating C implementation in directory include/v1.0/standard
Generating C implementation in directory include/v1.0/minimal
Copying fixed headers for protocol 1.0 to include/v1.0
Generating C implementation in directory include/v1.0/standard
Generating C implementation in directory include/v1.0/minimal
Generating C++ implementation in directory include/v2.0/standard
Generating C++ implementation in directory include/v2.0/minimal
Copying fixed headers for protocol 1.0 to include/v1.0
Copying fixed C++ headers for protocol 2.0 to include/v2.0
[ 66%] Built target development.xml-v1.0
[ 66%] Built target ASLUAV.xml-v1.0
[ 66%] Built target uAvionix.xml-v2.0
[ 70%] [34m[1mGenerating standard-v2.0-cxx-stamp[0m
[ 73%] Built target common.xml-v1.0
[ 76%] [34m[1mGenerating ardupilotmega-v2.0-cxx-stamp[0m
Generating C implementation in directory include/v1.0/development
Generating C implementation in directory include/v1.0/icarous
[ 80%] [34m[1mGenerating ASLUAV-v2.0-cxx-stamp[0m
Generating C implementation in directory include/v1.0/minimal
Generating C implementation in directory include/v1.0/python_array_test
Generating C implementation in directory include/v1.0/standard
Generating C implementation in directory include/v1.0/test
Generating C implementation in directory include/v1.0/ualberta
Generating C implementation in directory include/v1.0/uAvionix
Generating C implementation in directory include/v1.0/storm32
WARNING: Failed to import lxml module etree. Are lxml, libxml2 and libxslt installed? XML validation will not be performed
Validation skipped for /home/omki/catkin_ws1/src/mavlink/message_definitions/v1.0/standard.xml.
Parsing /home/omki/catkin_ws1/src/mavlink/message_definitions/v1.0/standard.xml
Validation skipped for /home/omki/catkin_ws1/src/mavlink/message_definitions/v1.0/minimal.xml.
Parsing /home/omki/catkin_ws1/src/mavlink/message_definitions/v1.0/minimal.xml
Generating C implementation in directory include/v1.0/AVSSUAS
Generating C implementation in directory include/v1.0/cubepilot
Generating C implementation in directory include/v1.0/csAirLink
Copying fixed headers for protocol 1.0 to include/v1.0
Found 2 MAVLink message types in 2 XML files
Generating C headers
Generating C implementation in directory include/v2.0/standard
Generating C implementation in directory include/v2.0/minimal
Copying fixed headers for protocol 2.0 to include/v2.0
Generating C++ implementation in directory include/v2.0/standard
Generating C++ implementation in directory include/v2.0/minimal
WARNING: Failed to import lxml module etree. Are lxml, libxml2 and libxslt installed? XML validation will not be performed
Validation skipped for /home/omki/catkin_ws1/src/mavlink/message_definitions/v1.0/ardupilotmega.xml.
Parsing /home/omki/catkin_ws1/src/mavlink/message_definitions/v1.0/ardupilotmega.xml
Copying fixed C++ headers for protocol 2.0 to include/v2.0
[ 80%] Built target all.xml-v1.0
WARNING: Failed to import lxml module etree. Are lxml, libxml2 and libxslt installed? XML validation will not be performed
Validation skipped for /home/omki/catkin_ws1/src/mavlink/message_definitions/v1.0/ASLUAV.xml.
Parsing /home/omki/catkin_ws1/src/mavlink/message_definitions/v1.0/ASLUAV.xml
Validation skipped for /home/omki/catkin_ws1/src/mavlink/message_definitions/v1.0/common.xml.
Parsing /home/omki/catkin_ws1/src/mavlink/message_definitions/v1.0/common.xml
Validation skipped for /home/omki/catkin_ws1/src/mavlink/message_definitions/v1.0/common.xml.
Parsing /home/omki/catkin_ws1/src/mavlink/message_definitions/v1.0/common.xml
[ 80%] Built target standard.xml-v2.0
[ 83%] [34m[1mGenerating csAirLink-v2.0-cxx-stamp[0m
[ 86%] [34m[1mGenerating include/v1.0/matrixpilot/matrixpilot.h[0m
WARNING: Failed to import lxml module etree. Are lxml, libxml2 and libxslt installed? XML validation will not be performed
Validation skipped for /home/omki/catkin_ws1/src/mavlink/message_definitions/v1.0/csAirLink.xml.
Parsing /home/omki/catkin_ws1/src/mavlink/message_definitions/v1.0/csAirLink.xml
Found 6 MAVLink message types in 1 XML files
Generating C headers
Generating C implementation in directory include/v2.0/csAirLink
Copying fixed headers for protocol 2.0 to include/v2.0
Generating C++ implementation in directory include/v2.0/csAirLink
Copying fixed C++ headers for protocol 2.0 to include/v2.0
WARNING: Failed to import lxml module etree. Are lxml, libxml2 and libxslt installed? XML validation will not be performed
Validation skipped for /home/omki/catkin_ws1/src/mavlink/message_definitions/v1.0/matrixpilot.xml.
Parsing /home/omki/catkin_ws1/src/mavlink/message_definitions/v1.0/matrixpilot.xml
Validation skipped for /home/omki/catkin_ws1/src/mavlink/message_definitions/v1.0/common.xml.
Parsing /home/omki/catkin_ws1/src/mavlink/message_definitions/v1.0/common.xml
Validation skipped for /home/omki/catkin_ws1/src/mavlink/message_definitions/v1.0/standard.xml.
Parsing /home/omki/catkin_ws1/src/mavlink/message_definitions/v1.0/standard.xml
Validation skipped for /home/omki/catkin_ws1/src/mavlink/message_definitions/v1.0/uAvionix.xml.
Parsing /home/omki/catkin_ws1/src/mavlink/message_definitions/v1.0/uAvionix.xml
Validation skipped for /home/omki/catkin_ws1/src/mavlink/message_definitions/v1.0/minimal.xml.
Parsing /home/omki/catkin_ws1/src/mavlink/message_definitions/v1.0/minimal.xml
Validation skipped for /home/omki/catkin_ws1/src/mavlink/message_definitions/v1.0/icarous.xml.
Parsing /home/omki/catkin_ws1/src/mavlink/message_definitions/v1.0/icarous.xml
Validation skipped for /home/omki/catkin_ws1/src/mavlink/message_definitions/v1.0/cubepilot.xml.
Parsing /home/omki/catkin_ws1/src/mavlink/message_definitions/v1.0/cubepilot.xml
[ 86%] Built target csAirLink.xml-v2.0
Validation skipped for /home/omki/catkin_ws1/src/mavlink/message_definitions/v1.0/csAirLink.xml.
Parsing /home/omki/catkin_ws1/src/mavlink/message_definitions/v1.0/csAirLink.xml
Validation skipped for /home/omki/catkin_ws1/src/mavlink/message_definitions/v1.0/standard.xml.
Parsing /home/omki/catkin_ws1/src/mavlink/message_definitions/v1.0/standard.xml
Validation skipped for /home/omki/catkin_ws1/src/mavlink/message_definitions/v1.0/minimal.xml.
Parsing /home/omki/catkin_ws1/src/mavlink/message_definitions/v1.0/minimal.xml
Merged enum MAV_CMD
Merged enum MAV_CMD
Found 242 MAVLink message types in 4 XML files
Generating C headers
Generating C implementation in directory include/v2.0/ASLUAV
Found 306 MAVLink message types in 8 XML files
Generating C headers
Generating C implementation in directory include/v2.0/ardupilotmega
[ 90%] Built target AVSSUAS.xml-v1.0
[ 93%] [34m[1mGenerating development-v2.0-cxx-stamp[0m
Validation skipped for /home/omki/catkin_ws1/src/mavlink/message_definitions/v1.0/standard.xml.
Parsing /home/omki/catkin_ws1/src/mavlink/message_definitions/v1.0/standard.xml
Validation skipped for /home/omki/catkin_ws1/src/mavlink/message_definitions/v1.0/minimal.xml.
Parsing /home/omki/catkin_ws1/src/mavlink/message_definitions/v1.0/minimal.xml
Generating C implementation in directory include/v2.0/common
Merged enum MAV_CMD
Found 170 MAVLink message types in 4 XML files
Generating C implementation in directory include/v1.0/matrixpilot
Generating C implementation in directory include/v2.0/standard
Generating C implementation in directory include/v2.0/minimal
Copying fixed headers for protocol 2.0 to include/v2.0
Generating C++ implementation in directory include/v2.0/AVSSUAS
Generating C++ implementation in directory include/v2.0/common
WARNING: Failed to import lxml module etree. Are lxml, libxml2 and libxslt installed? XML validation will not be performed
Validation skipped for /home/omki/catkin_ws1/src/mavlink/message_definitions/v1.0/development.xml.
Parsing /home/omki/catkin_ws1/src/mavlink/message_definitions/v1.0/development.xml
Generating C implementation in directory include/v2.0/development
Validation skipped for /home/omki/catkin_ws1/src/mavlink/message_definitions/v1.0/common.xml.
Parsing /home/omki/catkin_ws1/src/mavlink/message_definitions/v1.0/common.xml
Generating C implementation in directory include/v2.0/icarous
Generating C implementation in directory include/v2.0/uAvionix
Generating C implementation in directory include/v2.0/minimal
Generating C implementation in directory include/v2.0/icarous
Generating C implementation in directory include/v2.0/python_array_test
Generating C implementation in directory include/v2.0/cubepilot
Generating C implementation in directory include/v1.0/common
Generating C implementation in directory include/v2.0/csAirLink
Generating C implementation in directory include/v2.0/standard
Generating C implementation in directory include/v2.0/common
Generating C implementation in directory include/v2.0/test
Generating C implementation in directory include/v2.0/standard
Generating C implementation in directory include/v2.0/minimal
Generating C implementation in directory include/v2.0/ualberta
Copying fixed headers for protocol 2.0 to include/v2.0
Generating C implementation in directory include/v2.0/uAvionix
Generating C++ implementation in directory include/v2.0/storm32
Generating C implementation in directory include/v2.0/storm32
Generating C++ implementation in directory include/v2.0/ardupilotmega
Validation skipped for /home/omki/catkin_ws1/src/mavlink/message_definitions/v1.0/standard.xml.
Parsing /home/omki/catkin_ws1/src/mavlink/message_definitions/v1.0/standard.xml
Validation skipped for /home/omki/catkin_ws1/src/mavlink/message_definitions/v1.0/minimal.xml.
Parsing /home/omki/catkin_ws1/src/mavlink/message_definitions/v1.0/minimal.xml
Merged enum MAV_CMD
Generating C implementation in directory include/v2.0/AVSSUAS
Found 242 MAVLink message types in 4 XML files
Generating C headers
Generating C implementation in directory include/v2.0/development
Generating C implementation in directory include/v2.0/cubepilot
Generating C++ implementation in directory include/v2.0/common
Generating C implementation in directory include/v2.0/csAirLink
Copying fixed headers for protocol 2.0 to include/v2.0
Generating C++ implementation in directory include/v2.0/all
Generating C++ implementation in directory include/v2.0/ardupilotmega
Generating C++ implementation in directory include/v2.0/standard
Generating C++ implementation in directory include/v2.0/minimal
Generating C implementation in directory include/v2.0/common
Copying fixed C++ headers for protocol 2.0 to include/v2.0
Generating C++ implementation in directory include/v2.0/ASLUAV
[ 93%] Built target AVSSUAS.xml-v2.0
Generating C++ implementation in directory include/v2.0/common
[ 96%] [34m[1mGenerating matrixpilot-v2.0-cxx-stamp[0m
WARNING: Failed to import lxml module etree. Are lxml, libxml2 and libxslt installed? XML validation will not be performed
Validation skipped for /home/omki/catkin_ws1/src/mavlink/message_definitions/v1.0/matrixpilot.xml.
Parsing /home/omki/catkin_ws1/src/mavlink/message_definitions/v1.0/matrixpilot.xml
Generating C++ implementation in directory include/v2.0/uAvionix
Generating C++ implementation in directory include/v2.0/icarous
Generating C++ implementation in directory include/v2.0/cubepilot
Validation skipped for /home/omki/catkin_ws1/src/mavlink/message_definitions/v1.0/common.xml.
Parsing /home/omki/catkin_ws1/src/mavlink/message_definitions/v1.0/common.xml
Generating C++ implementation in directory include/v2.0/csAirLink
Generating C++ implementation in directory include/v2.0/standard
Generating C++ implementation in directory include/v2.0/minimal
Copying fixed C++ headers for protocol 2.0 to include/v2.0
[ 96%] Built target storm32.xml-v2.0
Generating C++ implementation in directory include/v2.0/development
Generating C++ implementation in directory include/v2.0/icarous
Generating C++ implementation in directory include/v2.0/minimal
Generating C++ implementation in directory include/v2.0/python_array_test
Generating C++ implementation in directory include/v2.0/standard
Generating C++ implementation in directory include/v2.0/test
Generating C++ implementation in directory include/v2.0/ualberta
Generating C++ implementation in directory include/v2.0/uAvionix
Generating C++ implementation in directory include/v2.0/storm32
Generating C++ implementation in directory include/v2.0/AVSSUAS
Validation skipped for /home/omki/catkin_ws1/src/mavlink/message_definitions/v1.0/standard.xml.
Parsing /home/omki/catkin_ws1/src/mavlink/message_definitions/v1.0/standard.xml
Validation skipped for /home/omki/catkin_ws1/src/mavlink/message_definitions/v1.0/minimal.xml.
Parsing /home/omki/catkin_ws1/src/mavlink/message_definitions/v1.0/minimal.xml
Generating C++ implementation in directory include/v2.0/cubepilot
Generating C++ implementation in directory include/v2.0/csAirLink
Copying fixed C++ headers for protocol 2.0 to include/v2.0
Merged enum MAV_CMD
Found 252 MAVLink message types in 4 XML files
Generating C headers
Generating C implementation in directory include/v2.0/matrixpilot
[ 96%] Built target all.xml-v2.0
Generating C implementation in directory include/v1.0/standard
Generating C implementation in directory include/v1.0/minimal
Copying fixed headers for protocol 1.0 to include/v1.0
[ 96%] Built target matrixpilot.xml-v1.0
Generating C implementation in directory include/v2.0/common
Generating C implementation in directory include/v2.0/standard
Generating C implementation in directory include/v2.0/minimal
Copying fixed headers for protocol 2.0 to include/v2.0
Generating C++ implementation in directory include/v2.0/ASLUAV
Generating C++ implementation in directory include/v2.0/common
Generating C implementation in directory include/v2.0/uAvionix
Generating C implementation in directory include/v2.0/icarous
Generating C implementation in directory include/v2.0/cubepilot
Generating C implementation in directory include/v2.0/csAirLink
Generating C implementation in directory include/v2.0/standard
Generating C implementation in directory include/v2.0/minimal
Copying fixed headers for protocol 2.0 to include/v2.0
Generating C++ implementation in directory include/v2.0/ardupilotmega
Generating C++ implementation in directory include/v2.0/standard
Generating C++ implementation in directory include/v2.0/minimal
Copying fixed C++ headers for protocol 2.0 to include/v2.0
[ 96%] Built target ASLUAV.xml-v2.0
Generating C++ implementation in directory include/v2.0/common
Generating C implementation in directory include/v2.0/standard
Generating C implementation in directory include/v2.0/minimal
Copying fixed headers for protocol 2.0 to include/v2.0
Generating C++ implementation in directory include/v2.0/development
Generating C++ implementation in directory include/v2.0/common
Generating C++ implementation in directory include/v2.0/uAvionix
Generating C++ implementation in directory include/v2.0/icarous
Generating C++ implementation in directory include/v2.0/cubepilot
Generating C++ implementation in directory include/v2.0/csAirLink
Generating C++ implementation in directory include/v2.0/standard
Generating C++ implementation in directory include/v2.0/minimal
Copying fixed C++ headers for protocol 2.0 to include/v2.0
Generating C++ implementation in directory include/v2.0/standard
Generating C++ implementation in directory include/v2.0/minimal
[ 96%] Built target ardupilotmega.xml-v2.0
Copying fixed C++ headers for protocol 2.0 to include/v2.0
[ 96%] Built target development.xml-v2.0
Generating C implementation in directory include/v2.0/standard
Generating C implementation in directory include/v2.0/minimal
Copying fixed headers for protocol 2.0 to include/v2.0
Generating C++ implementation in directory include/v2.0/matrixpilot
Generating C++ implementation in directory include/v2.0/common
Generating C++ implementation in directory include/v2.0/standard
Generating C++ implementation in directory include/v2.0/minimal
Copying fixed C++ headers for protocol 2.0 to include/v2.0
[ 96%] Built target matrixpilot.xml-v2.0
[100%] [34m[1mGenerating common-v2.0-cxx-stamp[0m
WARNING: Failed to import lxml module etree. Are lxml, libxml2 and libxslt installed? XML validation will not be performed
Validation skipped for /home/omki/catkin_ws1/src/mavlink/message_definitions/v1.0/common.xml.
Parsing /home/omki/catkin_ws1/src/mavlink/message_definitions/v1.0/common.xml
Validation skipped for /home/omki/catkin_ws1/src/mavlink/message_definitions/v1.0/standard.xml.
Parsing /home/omki/catkin_ws1/src/mavlink/message_definitions/v1.0/standard.xml
Validation skipped for /home/omki/catkin_ws1/src/mavlink/message_definitions/v1.0/minimal.xml.
Parsing /home/omki/catkin_ws1/src/mavlink/message_definitions/v1.0/minimal.xml
Found 225 MAVLink message types in 3 XML files
Generating C headers
Generating C implementation in directory include/v2.0/common
Generating C implementation in directory include/v2.0/standard
Generating C implementation in directory include/v2.0/minimal
Copying fixed headers for protocol 2.0 to include/v2.0
Generating C++ implementation in directory include/v2.0/common
Generating C++ implementation in directory include/v2.0/standard
Generating C++ implementation in directory include/v2.0/minimal
Copying fixed C++ headers for protocol 2.0 to include/v2.0
[100%] Built target common.xml-v2.0
